To honour the JVM settings for this build a single-use Daemon process will be forked. For more on this, please refer to https://docs.gradle.org/8.8/userguide/gradle_daemon.html#sec:disabling_the_daemon in the Gradle documentation.
Daemon will be stopped at the end of the build 

> Configure project :
MixinGradle is skipping eclipse integration, extension not found
Java: 21.0.2, JVM: 21.0.2+13-58 (Oracle Corporation), Arch: amd64

> Task :downloadMcpConfig
> Task :extractSrg UP-TO-DATE
> Task :createMcpToSrg UP-TO-DATE
> Task :compileJava UP-TO-DATE
> Task :addMixinsToApiJar
> Task :copyAnimations UP-TO-DATE
> Task :processResources UP-TO-DATE
> Task :classes UP-TO-DATE
> Task :apiJar UP-TO-DATE
> Task :addMixinsToJar
> Task :jar
> Task :configureReobfTaskForReobfJar
> Task :reobfJar
> Task :configureReobfTaskForReobfJarJar
> Task :addMixinsToJarJar
> Task :jarJar SKIPPED
> Task :reobfJarJar SKIPPED
> Task :addMixinsToSourcesJar
> Task :sourcesJar UP-TO-DATE
> Task :assemble
> Task :compileTestJava NO-SOURCE
> Task :processTestResources NO-SOURCE
> Task :testClasses UP-TO-DATE
> Task :test NO-SOURCE
> Task :check UP-TO-DATE
> Task :build

Deprecated Gradle features were used in this build, making it incompatible with Gradle 9.0.

You can use '--warning-mode all' to show the individual deprecation warnings and determine if they come from your own scripts or plugins.

For more on this, please refer to https://docs.gradle.org/8.8/userguide/command_line_interface.html#sec:command_line_warnings in the Gradle documentation.

BUILD SUCCESSFUL in 26s
16 actionable tasks: 9 executed, 7 up-to-date
